error: Found argument '--websocket-port' which wasn't expected, or isn't valid in this context

USAGE:
    geckodriver [FLAGS] [OPTIONS]

For more information try --help
error: Found argument '--websocket-port' which wasn't expected, or isn't valid in this context

USAGE:
    geckodriver [FLAGS] [OPTIONS]

For more information try --help
error: Found argument '--websocket-port' which wasn't expected, or isn't valid in this context

USAGE:
    geckodriver [FLAGS] [OPTIONS]

For more information try --help
error: Found argument '--websocket-port' which wasn't expected, or isn't valid in this context

USAGE:
    geckodriver [FLAGS] [OPTIONS]

For more information try --help
error: Found argument '--websocket-port' which wasn't expected, or isn't valid in this context

USAGE:
    geckodriver [FLAGS] [OPTIONS]

For more information try --help
error: Found argument '--websocket-port' which wasn't expected, or isn't valid in this context

USAGE:
    geckodriver [FLAGS] [OPTIONS]

For more information try --help
error: Found argument '--websocket-port' which wasn't expected, or isn't valid in this context

USAGE:
    geckodriver [FLAGS] [OPTIONS]

For more information try --help
error: Found argument '--websocket-port' which wasn't expected, or isn't valid in this context

USAGE:
    geckodriver [FLAGS] [OPTIONS]

For more information try --help
error: Found argument '--websocket-port' which wasn't expected, or isn't valid in this context

USAGE:
    geckodriver [FLAGS] [OPTIONS]

For more information try --help
error: Found argument '--websocket-port' which wasn't expected, or isn't valid in this context

USAGE:
    geckodriver [FLAGS] [OPTIONS]

For more information try --help
1654400450434	geckodriver	INFO	Listening on 127.0.0.1:49523
1654400453504	mozrunner::runner	INFO	Running command: "C:\\Program Files\\Mozilla Firefox\\firefox.exe" "--marionette" "--headless" "--remote-debugging-port" "49524" "--remote-allow-hosts" "localhost" "-no-remote" "-profile" "C:\\Users\\rfhxy\\AppData\\Local\\Temp\\rust_mozprofile9i7DOl"
*** You are running in headless mode.
1654400455142	Marionette	INFO	Marionette enabled
WebDriver BiDi listening on ws://localhost:49524
[GFX1-]: RenderCompositorSWGL failed mapping default framebu1654400459318	mozrunner::runner	INFO	Running command: "C:\\Program Files\\Mozilla Firefox\\firefox.exe" "--marionette" "--headless" "--remote-debugging-port" "49552" "--remote-allow-hosts" "localhost" "-no-remote" "-profile" "C:\\Users\\rfhxy\\AppData\\Local\\Temp\\rust_mozprofile7stQiF"
*** You are running in headless mode.
1654400461525	Marionette	INFO	Marionette enabled
WebDriver BiDi listening on ws://localhost:49550
[GFX1-]: RenderCompositorSWGL failed mapping default framebufconsole.warn: LoginRecipes: "getRecipes: falling back to a synchronous message for:" "https://www.hellowork.mhlw.go.jp"
console.warn: LoginRecipes: "getRecipes: falling back to a synchronous message for:" "https://www.hellowork.mhlw.go.jp"
Exiting due to channel error.
port 49656
DevTools listening on ws://localhost:49552/devtools/browser/d5ae7030-b03d-48dd-b08d-3c098e0b25ee
Read port: 49656
1654400468971	RemoteAgent	WARN	TLS certificate errors will be ignored for this session
console.warn: LoginRecipes: "getRecipes: falling back to a synchronous message for:" "https://www.hellowork.mhlw.go.jp"
console.warn: LoginRecipes: "getRecipes: falling back to a synchronous message for:" "https://www.hellowork.mhlw.go.jp"
1654400485093	geckodriver	INFO	Listening on 127.0.0.1:49724
1654400488055	mozrunner::runner	INFO	Running command: "C:\\Program Files\\Mozilla Firefox\\firefox.exe" "--marionette" "--headless" "--remote-debugging-port" "49725" "--remote-allow-hosts" "localhost" "-no-remote" "-profile" "C:\\Users\\rfhxy\\AppData\\Local\\Temp\\rust_mozprofilecnYKFS"
*** You are running in headless mode.
1654400489747	Marionette	INFO	Marionette enabled
WebDriver BiDi listening on ws://localhost:49725
[GFX1-]: RenderCompositorSWGL failed mapping default framebuffer, no dt
console.warn: SearchSettings: "get: No settings file exists, new profile?" (new NotFoundError("Could not open the file at C:\\Users\\rfhxy\\AppData\\Local\\Temp\\rust_mozprofilecnYKFS\\search.json.mozlz4", (void 0)))
1654400492970	Marionette	INFO	Listening on port 49776
Read port: 49776
DevTools listening on ws://localhost:49725/devtools/browser/760c9c13-e987-4fc6-9d10-67fd15fa19a1
1654400493090	RemoteAgent	WARN	TLS certificate errors will be ignored for this session
console.warn: LoginRecipes: "getRecipes: falling back to a synchronous message for:" "https://www.hellowork.mhlw.go.jp"
console.warn: LoginRecipes: "getRecipes: falling back to a synchronous message for:" "https://www.hellowork.mhlw.go.jp"
1654402164132	geckodriver	INFO	Listening on 127.0.0.1:51396
1654402167202	mozrunner::runner	INFO	Running command: "C:\\Program Files\\Mozilla Firefox\\firefox.exe" "--marionette" "--headless" "--remote-debugging-port" "51397" "--remote-allow-hosts" "localhost" "-no-remote" "-profile" "C:\\Users\\rfhxy\\AppData\\Local\\Temp\\rust_mozprofileZuvIG1"
*** You are running in headless mode.
1654402168603	Marionette	INFO	Marionette enabled
WebDriver BiDi listening on ws://localhost:51397
[GFX1-]: RenderCompositorSWGL failed mapping default framebuffer, no dt
console.warn: SearchSettings: "get: No settings file exists, new profile?" (new NotFoundError("Could not open the file at C:\\Users\\rfhxy\\AppData\\Local\\Temp\\rust_mozprofileZuvIG1\\search.json.mozlz4", (void 0)))
1654402172510	Marionette	INFO	Listening on port 51422
Read port: 51422
1654402172606	RemoteAgent	WARN	TLS certificate errors will be ignored for this session
DevTools listening on ws://localhost:51397/devtools/browser/9271a91f-0510-4a70-872c-0bf454989fd9
console.warn: LoginRecipes: "getRecipes: falling back to a synchronous message for:" "https://www.hellowork.mhlw.go.jp"
console.warn: LoginRecipes: "getRecipes: falling back to a synchronous message for:" "https://www.hellowork.mhlw.go.jp"
1654402196878	geckodriver	INFO	Listening on 127.0.0.1:51471
1654402199922	mozrunner::runner	INFO	Running command: "C:\\Program Files\\Mozilla Firefox\\firefox.exe" "--marionette" "--headless" "--remote-debugging-port" "51472" "--remote-allow-hosts" "localhost" "-no-remote" "-profile" "C:\\Users\\rfhxy\\AppData\\Local\\Temp\\rust_mozprofileNiun0I"
*** You are running in headless mode.
1654402200991	Marionette	INFO	Marionette enabled
WebDriver BiDi listening on ws://localhost:51472
[GFX1-]: RenderCompositorSWGL failed mapping default framebu1654402204741	mozrunner::runner	INFO	Running command: "C:\\Program Files\\Mozilla Firefox\\firefox.exe" "--marionette" "--headless" "--remote-debugging-port" "51486" "--remote-allow-hosts" "localhost" "-no-remote" "-profile" "C:\\Users\\rfhxy\\AppData\\Local\\Temp\\rust_mozprofileMx1Pcn"
*** You are running in headless mode.
1654402206683	Marionette	INFO	Marionette enabled
WebDriver BiDi listening on ws://localhost:51486
[GFX1-]: RenderCompositorSWGL failed mapping default framebufconsole.warn: LoginRecipes: "getRecipes: falling back to a synchronous message for:" "https://www.hellowork.mhlw.go.jp"
console.warn: LoginRecipes: "getRecipes: falling back to a synchronous message for:" "https://www.hellowork.mhlw.go.jp"
5	Marionette	INFO	Listening on port 51559
DevTools listening on ws://localhost:51486/devtools/browser/7640*** You are running in headless mode.
1654402213153	Marionette	INFO	Marionette enabled
WebDriver BiDi listening on ws://localhost:51539
console.warn: LoginRecipes: "getRecipes: falling back to a synchronous message for:" "https://www.hellowork.mhlw.go.jp"
console.warn: LoginRecipes: "getRecipes: falling back to a synchronous message for:" "https://www.hellowork.mhlw.go.jp"
zprofilea0N8nj\\search.json.mozlz4", (void 0)))
1654402217824	Marionette	INFO	Listening on port 51611
DevTools listening on ws://localhost:51539/devtools/browser/b7c81100-a080-4190-a62b-56c7f3e4083e
Read port: 51611
1654402217984	RemoteAgent	WARN	TLS certificate errors will be ignored for this session
console.warn: LoginRecipes: "getRecipes: falling back to a synchronous message for:" "https://www.hellowork.mhlw.go.jp"
console.warn: LoginRecipes: "getRecipes: falling back to a synchronous message for:" "https://www.hellowork.mhlw.go.jp"
1654402251476	geckodriver	INFO	Listening on 127.0.0.1:51726
1654402254540	mozrunner::runner	INFO	Running command: "C:\\Program Files\\Mozilla Firefox\\firefox.exe" "--marionette" "--headless" "--remote-debugging-port" "51727" "--remote-allow-hosts" "localhost" "-no-remote" "-profile" "C:\\Users\\rfhxy\\AppData\\Local\\Temp\\rust_mozprofileH0RDDJ"
*** You are running in headless mode.
1654402255837	Marionette	INFO	Marionette enabled
WebDriver BiDi listening on ws://localhost:51727
[GFX1-]: RenderCompositorSWGL failed mapping default framebuffer, no dt
console.warn: SearchSettings: "get: No settings file exists, new profile?" (new NotFoundError("Could not open the file at C:\\Users\\rfhxy\\AppData\\Local\\Temp\\rust_mozprofileH0RDDJ\\search.json.mozlz4", (void 0)))
1654402259373	Marionette	INFO	Listening on port 51753
DevTools listening on ws://localhost:51727/devtools/browser/4d0bc711-1911-4704-96b6-e62c4d741feb
Read port: 51753
1654402259466	RemoteAgent	WARN	TLS certificate errors will be ignored for this session
console.warn: LoginRecipes: "getRecipes: falling back to a synchronous message for:" "https://www.hellowork.mhlw.go.jp"
console.warn: LoginRecipes: "getRecipes: falling back to a synchronous message for:" "https://www.hellowork.mhlw.go.jp"
Exiting due to channel error.
Listening on 127.0.0.1:52511
1654403002462	mozrunner::runner	INFO	Running command: "C:\\Program Files\\Mozilla Firefox\\firefox.exe" "--marionette" "--headless" "--remote-debugging-port" "52512" "--remote-allow-hosts" "localhost" "-no-remote" "-profile" "C:\\Users\\rfhxy\\AppData\\Local\\Temp\\rust_mozprofileZNZdAc"
*** You are running in headless mode.
1654403004460	Marionette	INFO	Marionette enabled
WebDriver BiDi listening on ws://localhost:52512
JavaScript error: chrome://browser/content/browser.js, line 340: NS_ERROR_FILE_NOT_FOUND: 
<jemalloc>: (malloc) Error initializing arena
out of memory: 0x0000000000000030 bytes requested
console.error: Region.jsm: "Error fetching region" (new TypeError("NetworkError when attempting to fetch resource.", ""))
console.error: Region.jsm: "Failed to fetch region" (new Error("NO_RESULT", "resource://gre/modules/Region.jsm", 419))
out of memory: 0x0000000000002118 bytes requested
1654403008066	geckodriver	INFO	Listening on 127.0.0.1:52528
1654403011110	mozrunner::runner	INFO	Running command: "C:\\Program Files\\Mozilla Firefox\\firefox.exe" "--marionette" "--headless" "--remote-debugging-port" "52529" "--remote-allow-hosts" "localhost" "-no-remote" "-profile" "C:\\Users\\rfhxy\\AppData\\Local\\Temp\\rust_mozprofileVduxMW"
*** You are running in headless mode.
1654403012379	Marionette	INFO	Marionette enabled
WebDriver BiDi listening on ws://localhost:52529
Hit MOZ_CRASH([unhandlable oom] Failed to allocate for MonoTypeBuffer::put.) at /builds/worker/checkouts/gecko/js/src/vm/JSContext.cpp:1254
Hit MOZ_CRASH([unhandlable oom] js::wasm::Init) at /builds/worker/checkouts/gecko/js/src/vm/JSContext.cpp:1254
#01: ??? (???:???)
#02: ??? (???:???)
#03: ??? (???:???)
#04: ??? (???:???)
#05: ??? (???:???)
#06: ??? (???:???)
#07: ??? (???:???)
#08: ??? (???:???)
#09: ??? (???:???)
#10: ??? (???:???)
#11: ??? (???:???)
#12: ??? (???:???)
#13: ??? (???:???)
#14: ??? (???:???)
#15: ??? (???:???)
#16: ??? (???:???)
#17: ??? (???:???)
#18: ??? (???:???)
#19: ??? (???:???)
#20: ??? (???:???)
#21: ??? (???:???)
#22: ??? (???:???)
#23: ??? (???:???)
#24: ??? (???:???)
#25: ??? (???:???)
#26: ??? (???:???)
#27: ??? (???:???)
#28: ??? (???:???)
#29: ??? (???:???)
#30: ??? (???:???)
#31: ??? (???:???)
#32: ??? (???:???)
#33: ??? (???:???)
#34: ??? (???:???)
#35: ??? (???:???)
#36: ??? (???:???)
#37: ??? (???:???)
#38: ??? (???:???)
### ERROR: SymLoadModule64: (null)
#01: ??? (???:???)
### ERROR: SymLoadModule64: (null)
#02: ??? (???:???)
### ERROR: SymLoadModule64: (null)
#03: ??? (???:???)
#04: ???[C:\Program Files\Mozilla Firefox\xul.dll +0x115d0]
#05: ???[C:\Program Files\Mozilla Firefox\xul.dll +0x1288b62]
#06: ???[C:\Program Files\Mozilla Firefox\xul.dll +0x9e749f]
#07: ???[C:\Program Files\Mozilla Firefox\xul.dll +0xe3d4b0]
#08: ???[C:\Program Files\Mozilla Firefox\xul.dll +0x1289181]
#09: GetNtLoaderAPI[C:\Program Files\Mozilla Firefox\firefox.exe +0xa4f1]
#10: IsSandboxedProcess[C:\Program Files\Mozilla Firefox\firefox.exe +0x1c968]
#11: ???[C:\Windows\System32\KERNEL32.DLL +0x17034]
#12: ???[C:\Windows\SYSTEM32\ntdll.dll +0x52651]
1654403031262	geckodriver	INFO	Listening on 127.0.0.1:52553
1654403034321	mozrunner::runner	INFO	Running command: "C:\\Program Files\\Mozilla Firefox\\firefox.exe" "--marionette" "--headless" "--remote-debugging-port" "52554" "--remote-allow-hosts" "localhost" "-no-remote" "-profile" "C:\\Users\\rfhxy\\AppData\\Local\\Temp\\rust_mozprofile2a9LZY"
*** You are running in headless mode.
1654403036207	Marionette	INFO	Marionette enabled
WebDriver 1654403038950	mozrunner::runner	INFO	Running command: "C:\\Program Files\\Mozilla Firefox\\firefox.exe" "--marionette" "--headless" "--remote-debugging-port" "52569" "--remote-allow-hosts" "localhost" "-no-remote" "-profile" "C:\\Users\\rfhxy\\AppData\\Local\\Temp\\rust_mozprofileRZ53uP"
*** You are running in headless mode.
1654403041815	geckodriver	INFO	Listening on 127.0.0.1:52580
1654403044879	mozrunner::runner	INFO	Running command: "C:\\Program Files\\Mozilla Firefox\\firefox.exe" "--marionette" "--headless" "--remote-debugging-port" "52581" "--remote-allow-hosts" "localhost" "-no-remote" "-profile" "C:\\Users\\rfhxy\\AppData\\Local\\Temp\\rust_mozprofilezuijaA"
*** You are running in headless mode.
out of memory: 0x0000000000000012 bytes requested
out of memory: 0x0000000000000012 bytes requested
out of memory: 0x0000000000000012 bytes requested
out of memory: 0x0000000000000012 bytes requestedout of memory: 0x0000000000000012 bytes requested

out of memory: 0x0000000000000012 bytes requestedout of memory: 0x0000000000000012 bytes requested

out of memory: 0x0000000000000012 bytes requested
1654403285334	geckodriver	INFO	Listening on 127.0.0.1:52792
1654403288615	mozrunner::runner	INFO	Running command: "C:\\P1654403288834	mozrunner::runner	INFO	Running command: "C:\\Program Files\\Mozilla Firefox\\firefox.exe" "--marionette" "--headless" "--remote-debugging-port" "52800" "--remote-allow-hosts" "localhost" "-no-remote" "-profile" "C:\*** You are running in headless mode.
1654403291808	Marionette	INFO	Marionette enabled
WebDriver BiDi listening on ws://localhost:52793
[GFX1-]: RenderCompositorSWGL failed mapping default framebu[GFX1-]: Rendconsole.warn: SearchSettings: "get: No settings file exists,console.warn: SearchSettings: "get: No settings file exists, new profile?" (new NotFoundError("Could not open the file at C:\\Users\\rfhxy\\AppData\\Local\\Te1654403302301	Marionette	INFO	Listening on port 52903
DevTools listening on ws://localhost:52793/devtools/browser/f400db32-93ad-455c-89d9-6bbb7c3bd7aa
Read port: 52903
1654403302584	RemoteAgent	WARN	TLS certificate errors will be ignored for this session
[GFX1-]: wr_renderer_render: OutOfMemory
[GFX1-]: Fallback SW-WR + D3D11 to SW-WR
ort: 52902
1654403302598	RemoteAgent	WARN	TLS certificate errors will be ignored for this session
1654410838694	geckodriver	INFO	Listening on 127.0.0.1:53713
1654410841771	mozrunner::runner	INFO	Running command: "C:\\Program Files\\Mozilla Firefox\\firefox.exe" "--marionette" "--headless" "--remote-debugging-port" "53714" "--remote-allow-hosts" "localhost" "-no-remote" "-profile" "C:\\Users\\rfhxy\\AppData\\Local\\Temp\\rust_mozprofilePbFqiO"
*** You are running in headless mode.
1654410843579	Marionette	INFO	Marionette enabled
WebDriver BiDi listening on ws://localhost:53714
[GFX1-]: RenderCompositorSWGL failed mapping default framebuffer, no dt
console.warn: SearchSettings: "get: No settings file exists, new profile?" (new NotFoundError("Could not open the file at C:\\Users\\rfhxy\\AppData\\Local\\Temp\\rust_mozprofilePbFqiO\\search.json.mozlz4", (void 0)))
1654410847824	Marionette	INFO	Listening on port 53744
Read port: 53744
1654410847935	RemoteAgent	WARN	TLS certificate errors will be ignored for this session
DevTools listening on ws://localhost:53714/devtools/browser/a60b76c7-5703-43ba-b501-728ff49e9886
console.warn: LoginRecipes: "getRecipes: falling back to a synchronous message for:" "https://www.hellowork.mhlw.go.jp"
console.warn: LoginRecipes: "getRecipes: falling back to a synchronous message for:" "https://www.hellowork.mhlw.go.jp"
1654410872331	geckodriver	INFO	Listening on 127.0.0.1:53787
1654410875407	mozrunner::runner	INFO	Running command: "C:\\Program Files\\Mozilla Firefox\\firefox.exe" "--marionette" "--headless" "--remote-debugging-port" "53788" "--remote-allow-hosts" "localhost" "-no-remote" "-profile" "C:\\Users\\rfhxy\\AppData\\Local\\Temp\\rust_mozprofileVPbMBX"
*** You are running in headless mode.
1654410876580	Marionette	INFO	Marionette enabled
WebDriver BiDi listening on ws://localhost:53788
[GFX1-]: RenderCompositorSWGL failed mapping default framebuffer, no dt
console.warn: SearchSettings: "get: No settings file exists, new profile?" (new NotFoundError("Could not open the file at C:\\Users\\rfhxy\\AppData\\Local\\Temp\\rust_mozprofileVPbMBX\\search.json.mozlz4", (void 0)))
1654410879620	Marionette	INFO	Listening on port 53813
DevTools listening on ws://localhost:53788/devtools/browser/9e9fee2d-c40b-4227-a18a-fda275f6dc94
Read port: 53813
1654410879754	RemoteAgent	WARN	TLS certificate errors will be ignored for this session
console.warn: LoginRecipes: "getRecipes: falling back to a synchronous message for:" "https://www.hellowork.mhlw.go.jp"
console.warn: LoginRecipes: "getRecipes: falling back to a synchronous message for:" "https://www.hellowork.mhlw.go.jp"
1654410918029	geckodriver	INFO	Listening on 127.0.0.1:53894
1654410921167	mozrunner::runner	INFO	Running command: "C:\\Program Files\\Mozilla Firefox\\firefox.exe" "--marionette" "--headless" "--remote-debugging-port" "53896" "--remote-allow-hosts" "localhost" "-no-remote" "-profile" "C:\\Users\\rfhxy\\AppData\\Local\\Temp\\rust_mozprofileomDmZc"
*** You are running in headless mode.
1654410922854	Marionette	INFO	Marionette enabled
WebDriver BiDi listening on ws://localhost:53896
[GFX1-]: RenderCompositorSWGL failed mapping default framebuffer, no dt
console.warn: SearchSettings: "get: No settings file exists, new profile?" (new NotFoundError("Could not open the file at C:\\Users\\rfhxy\\AppData\\Local\\Temp\\rust_mozprofileomDmZc\\search.json.mozlz4", (void 0)))
1654410926626	Marionette	INFO	Listening on port 53921
Read port: 53921
1654410926750	RemoteAgent	WARN	TLS certificate errors will be ignored for this session
DevTools listening on ws://localhost:53896/devtools/browser/d7055289-dd0b-4477-9f13-db5c163ec699
console.warn: LoginRecipes: "getRecipes: falling back to a synchronous message for:" "https://www.hellowork.mhlw.go.jp"
console.warn: LoginRecipes: "getRecipes: falling back to a synchronous message for:" "https://www.hellowork.mhlw.go.jp"
1654411406983	geckodriver	INFO	Listening on 127.0.0.1:54261
1654411410065	mozrunner::runner	INFO	Running command: "C:\\Program Files\\Mozilla Firefox\\firefox.exe" "--marionette" "--headless" "--remote-debugging-port" "54262" "--remote-allow-hosts" "localhost" "-no-remote" "-profile" "C:\\Users\\rfhxy\\AppData\\Local\\Temp\\rust_mozprofileSqtXcb"
*** You are running in headless mode.
1654411411407	Marionette	INFO	Marionette enabled
WebDriver BiDi listening on ws://localhost:54262
[GFX1-]: RenderCompositorSWGL failed mapping default framebuffer, no dt
console.warn: SearchSettings: "get: No settings file exists, new profile?" (new NotFoundError("Could not open the file at C:\\Users\\rfhxy\\AppData\\Local\\Temp\\rust_mozprofileSqtXcb\\search.json.mozlz4", (void 0)))
1654411414715	Marionette	INFO	Listening on port 54303
DevTools listening on ws://localhost:54262/devtools/browser/0d9e27a6-94a6-4b97-9eb1-302c87adba35
Read port: 54303
1654411414876	RemoteAgent	WARN	TLS certificate errors will be ignored for this session
console.warn: LoginRecipes: "getRecipes: falling back to a synchronous message for:" "https://www.hellowork.mhlw.go.jp"
console.warn: LoginRecipes: "getRecipes: falling back to a synchronous message for:" "https://www.hellowork.mhlw.go.jp"
1654411437984	geckodriver	INFO	Listening on 127.0.0.1:54351
1654411441044	mozrunner::runner	INFO	Running command: "C:\\Program Files\\Mozilla Firefox\\firefox.exe" "--marionette" "--headless" "--remote-debugging-port" "54352" "--remote-allow-hosts" "localhost" "-no-remote" "-profile" "C:\\Users\\rfhxy\\AppData\\Local\\Temp\\rust_mozprofileWx3M5f"
*** You are running in headless mode.
1654411442009	Marionette	INFO	Marionette enabled
WebDriver BiDi listening on ws://localhost:54352
[GFX1-]: RenderCompositorSWGL failed mapping default framebu1654411445525	mozrunner::runner	INFO	Running command: "C:\\Program Files\\Mozilla Firefox\\firefox.exe" "--marionette" "--headless" "--remote-debugging-port" "54366" "--remote-allow-hosts" "localhost" "-no-remote" "-profile" "C:\\Users\\rfhxy\\AppData\\Local\\Temp\\rust_mozprofilexxKkGw"
*** You are running in headless mode.
1654411447214	Marionette	INFO	Marionette enabled
WebDriver BiDi listening on ws://localhost:54366
[GFX1-]: RenderCompositorSWGL failed mapping default framebufconsole.warn: LoginRecipes: "getRecipes: falling back to a synchronous message for:" "https://www.hellowork.mhlw.go.jp"
console.warn: LoginRecipes: "getRecipes: falling back to a synchronous message for:" "https://www.hellowork.mhlw.go.jp"
4	Marionette	INFO	Listening on port 54428
Read port: 54428
1654411450983	RemoteAgent	WARN	TLS certificate errors will be ignored for this session
DevTools listening on ws://localhost:54366/devtools/browser/148b89ee-362f-4e99-9b24-29522092f8c0
console.warn: LoginRecipes: "getRecipes: falling back to a synchronous message for:" "https://www.hellowork.mhlw.go.jp"
console.warn: LoginRecipes: "getRecipes: falling back to a synchronous message for:" "https://www.hellowork.mhlw.go.jp"
1654413457883	geckodriver	INFO	Listening on 127.0.0.1:55632
1654413460982	mozrunner::runner	INFO	Running command: "C:\\Program Files\\Mozilla Firefox\\firefox.exe" "--marionette" "--headless" "--remote-debugging-port" "55633" "--remote-allow-hosts" "localhost" "-no-remote" "-profile" "C:\\Users\\rfhxy\\AppData\\Local\\Temp\\rust_mozprofile9sxJHB"
*** You are running in headless mode.
1654413462354	Marionette	INFO	Marionette enabled
WebDriver BiDi listening on ws://localhost:55633
[GFX1-]: RenderCompositorSWGL failed mapping default framebuffer, no dt
console.warn: SearchSettings: "get: No settings file exists, new profile?" (new NotFoundError("Could not open the file at C:\\Users\\rfhxy\\AppData\\Local\\Temp\\rust_mozprofile9sxJHB\\search.json.mozlz4", (void 0)))
1654413465612	Marionette	INFO	Listening on port 55660
Read port: 55660
1654413465773	RemoteAgent	WARN	TLS certificate errors will be ignored for this session
DevTools listening on ws://localhost:55633/devtools/browser/87a4da0e-b7f3-4739-9537-161b96bc555e
console.warn: LoginRecipes: "getRecipes: falling back to a synchronous message for:" "https://www.hellowork.mhlw.go.jp"
console.warn: LoginRecipes: "getRecipes: falling back to a synchronous message for:" "https://www.hellowork.mhlw.go.jp"
JavaScript error: , line 0: NotFoundError: Could not move source file(C:\Users\rfhxy\AppData\Local\Temp\rust_mozprofile9sxJHB\bookmarkbackups\bookmarks-2022-06-05.jsonlz4) because it does not exist
Exiting due to channel error.
emote-allow-hosts" "localhost" "-no-remote" "-profile" "C:\\Users\\rfhxy\\AppData\\Local\\Temp\\rust_mozprofile6ooBVa"
*** You are running in headless mode.
1654413494098	Marionette	INFO	Marionette enabled
WebDriver BiDi listening on ws://localhost:55703
[GFX1-]: RenderCompositorSWGL failed mapping default framebuffer, no dt
console.warn: SearchSettings: "get: No settings file exists, new profile?" (new NotFoundError("Could not open the file at C:\\Users\\rfhxy\\AppData\\Local\\Temp\\rust_mozprofile6ooBVa\\search.json.mozlz4", (void 0)))
1654413497746	Marionette	INFO	Listening on port 55736
DevTools listening on ws://localhost:55703/devtools/browser/df90e2cf-57b2-43e3-a8c6-d9a7690cb8b3
Read port: 55736
1654413497854	RemoteAgent	WARN	TLS certificate errors will be ignored for this session
console.warn: LoginRecipes: "getRecipes: falling back to a synchronous message for:" "https://www.hellowork.mhlw.go.jp"
console.warn: LoginRecipes: "getRecipes: falling back to a synchronous message for:" "https://www.hellowork.mhlw.go.jp"
JavaScript error: , line 0: NotFoundError: Could not move source file(C:\Users\rfhxy\AppData\Local\Temp\rust_mozprofile6ooBVa\bookmarkbackups\bookmarks-2022-06-05.jsonlz4) because it does not exist
1654425013980	geckodriver	INFO	Listening on 127.0.0.1:56554
1654425017060	mozrunner::runner	INFO	Running command: "C:\\Program Files\\Mozilla Firefox\\firefox.exe" "--marionette" "--headless" "--remote-debugging-port" "56555" "--remote-allow-hosts" "localhost" "-no-remote" "-profile" "C:\\Users\\rfhxy\\AppData\\Local\\Temp\\rust_mozprofilegUTjGB"
*** You are running in headless mode.
1654425018704	Marionette	INFO	Marionette enabled
WebDriver BiDi listening on ws://localhost:56555
[GFX1-]: RenderCompositorSWGL failed mapping default framebuffer, no dt
console.warn: SearchSettings: "get: No settings file exists, new profile?" (new NotFoundError("Could not open the file at C:\\Users\\rfhxy\\AppData\\Local\\Temp\\rust_mozprofilegUTjGB\\search.json.mozlz4", (void 0)))
1654425023507	Marionette	INFO	Listening on port 56590
DevTools listening on ws://localhost:56555/devtools/browser/4d5f1356-026a-4ad1-8252-cdcb08f85101
Read port: 56590
1654425023606	RemoteAgent	WARN	TLS certificate errors will be ignored for this session
console.warn: LoginRecipes: "getRecipes: falling back to a synchronous message for:" "https://www.hellowork.mhlw.go.jp"
console.warn: LoginRecipes: "getRecipes: falling back to a synchronous message for:" "https://www.hellowork.mhlw.go.jp"
1654425240754	geckodriver	INFO	Listening on 127.0.0.1:56807
1654425243849	mozrunner::runner	INFO	Running command: "C:\\Program Files\\Mozilla Firefox\\firefox.exe" "--marionette" "--headless" "--remote-debugging-port" "56808" "--remote-allow-hosts" "localhost" "-no-remote" "-profile" "C:\\Users\\rfhxy\\AppData\\Local\\Temp\\rust_mozprofilesLps7e"
*** You are running in headless mode.
1654425245264	Marionette	INFO	Marionette enabled
WebDriver BiDi listening on ws://localhost:56808
[GFX1-]: RenderCompositorSWGL failed mapping default framebuffer, no dt
console.warn: SearchSettings: "get: No settings file exists, new profile?" (new NotFoundError("Could not open the file at C:\\Users\\rfhxy\\AppData\\Local\\Temp\\rust_mozprofilesLps7e\\search.json.mozlz4", (void 0)))
1654425248518	Marionette	INFO	Listening on port 56830
Read port: 56830
1654425248674	RemoteAgent	WARN	TLS certificate errors will be ignored for this session
DevTools listening on ws://localhost:56808/devtools/browser/b8580507-d28a-4826-a517-eb471313b7d6
console.warn: LoginRecipes: "getRecipes: falling back to a synchronous message for:" "https://www.hellowork.mhlw.go.jp"
console.warn: LoginRecipes: "getRecipes: falling back to a synchronous message for:" "https://www.hellowork.mhlw.go.jp"
1654425272348	geckodriver	INFO	Listening on 127.0.0.1:56876
1654425275421	mozrunner::runner	INFO	Running command: "C:\\Program Files\\Mozilla Firefox\\firefox.exe" "--marionette" "--headless" "--remote-debugging-port" "56877" "--remote-allow-hosts" "localhost" "-no-remote" "-profile" "C:\\Users\\rfhxy\\AppData\\Local\\Temp\\rust_mozprofile3Wu5Cv"
*** You are running in headless mode.
1654425276463	Marionette	INFO	Marionette enabled
WebDriver BiDi listening on ws://localhost:56877
[GFX1-]: RenderCompositorSWGL failed mapping default framebuffer, no dt
console.warn: SearchSettings: "get: No settings file exists, new profile?" (new NotFoundError("Could not open the file at C:\\Users\\rfhxy\\AppData\\Local\\Temp\\rust_mozprofile3Wu5Cv\\search.json.mozlz4", (void 0)))
1654425279232	Marionette	INFO	Listening on port 56902
Read port: 56902
1654425279337	RemoteAgent	WARN	TLS certificate errors will be ignored for this session
DevTools listening on ws://localhost:56877/devtools/browser/5b8c135e-930e-4421-962a-bbff0af98cdf
console.warn: LoginRecipes: "getRecipes: falling back to a synchronous message for:" "https://www.hellowork.mhlw.go.jp"
console.warn: LoginRecipes: "getRecipes: falling back to a synchronous message for:" "https://www.hellowork.mhlw.go.jp"
1654430759420	geckodriver	INFO	Listening on 127.0.0.1:49965
1654430762713	mozrunner::runner	INFO	Running command: "C:\\Program Files\\Mozilla Firefox\\firefox.exe" "--marionette" "--headless" "--remote-debugging-port" "49966" "--remote-allow-hosts" "localhost" "-no-remote" "-profile" "C:\\Users\\rfhxy\\AppData\\Local\\Temp\\rust_mozprofileAwxSSl"
*** You are running in headless mode.
1654430764387	Marionette	INFO	Marionette enabled
WebDriver BiDi listening on ws://localhost:49966
[GFX1-]: RenderCompositorSWGL failed mapping default framebuffer, no dt
console.warn: SearchSettings: "get: No settings file exists, new profile?" (new NotFoundError("Could not open the file at C:\\Users\\rfhxy\\AppData\\Local\\Temp\\rust_mozprofileAwxSSl\\search.json.mozlz4", (void 0)))
1654430767868	Marionette	INFO	Listening on port 49991
DevTools listening on ws://localhost:49966/devtools/browser/d509e3fa-63fe-4563-af6e-51ff9fc9d07d
Read port: 49991
1654430768009	RemoteAgent	WARN	TLS certificate errors will be ignored for this session
console.warn: LoginRecipes: "getRecipes: falling back to a synchronous message for:" "https://www.hellowork.mhlw.go.jp"
console.warn: LoginRecipes: "getRecipes: falling back to a synchronous message for:" "https://www.hellowork.mhlw.go.jp"
1654430795202	geckodriver	INFO	Listening on 127.0.0.1:50104
1654430798217	mozrunner::runner	INFO	Running command: "C:\\Program Files\\Mozilla Firefox\\firefox.exe" "--marionette" "--headless" "--remote-debugging-port" "50105" "--remote-allow-hosts" "localhost" "-no-remote" "-profile" "C:\\Users\\rfhxy\\AppData\\Local\\Temp\\rust_mozprofileEaXhGh"
*** You are running in headless mode.
1654430800209	Marionette	INFO	Marionette enabled
WebDriver BiDi listening on ws://localhost:50105
[GFX1-]: RenderCompositorSWGL failed mapping default framebuffer, no dt
console.warn: SearchSettings: "get: No settings file exists, new profile?" (new NotFoundError("Could not open the file at C:\\Users\\rfhxy\\AppData\\Local\\Temp\\rust_mozprofileEaXhGh\\search.json.mozlz4", (void 0)))
1654430804690	Marionette	INFO	Listening on port 50131
Read port: 50131
1654430804805	RemoteAgent	WARN	TLS certificate errors will be ignored for this session
DevTools listening on ws://localhost:50105/devtools/browser/c39b97f5-9879-40c9-b266-77861d3c547f
console.warn: LoginRecipes: "getRecipes: falling back to a synchronous message for:" "https://www.hellowork.mhlw.go.jp"
console.warn: LoginRecipes: "getRecipes: falling back to a synchronous message for:" "https://www.hellowork.mhlw.go.jp"
JavaScript error: , line 0: NotFoundError: Could not move source file(C:\Users\rfhxy\AppData\Local\Temp\rust_mozprofileEaXhGh\bookmarkbackups\bookmarks-2022-06-06.jsonlz4) because it does not exist
Exiting due to channel error.
emote-allow-hosts" "localhost" "-no-remote" "-profile" "C:\\Users\\rfhxy\\AppData\\Local\\Temp\\rust_mozprofile918QVo"
*** You are running in headless mode.
1654430831536	Marionette	INFO	Marionette enabled
WebDriver BiDi listening on ws://localhost:50184
[GFX1-]: RenderCompositorSWGL failed mapping default framebuffer, no dt
console.warn: SearchSettings: "get: No settings file exists, new profile?" (new NotFoundError("Could not open the file at C:\\Users\\rfhxy\\AppData\\Local\\Temp\\rust_mozprofile918QVo\\search.json.mozlz4", (void 0)))
1654430834265	Marionette	INFO	Listening on port 50210
DevTools listening on ws://localhost:50184/devtools/browser/84c0ee00-3964-4bc4-9f97-3ef6b4343d2d
Read port: 50210
1654430834381	RemoteAgent	WARN	TLS certificate errors will be ignored for this session
console.warn: LoginRecipes: "getRecipes: falling back to a synchronous message for:" "https://www.hellowork.mhlw.go.jp"
console.warn: LoginRecipes: "getRecipes: falling back to a synchronous message for:" "https://www.hellowork.mhlw.go.jp"
1654509608369	geckodriver	INFO	Listening on 127.0.0.1:51881
1654509611409	mozrunner::runner	INFO	Running command: "C:\\Program Files\\Mozilla Firefox\\firefox.exe" "--marionette" "--headless" "--remote-debugging-port" "51882" "--remote-allow-hosts" "localhost" "-no-remote" "-profile" "C:\\Users\\rfhxy\\AppData\\Local\\Temp\\rust_mozprofiledKQzWv"
*** You are running in headless mode.
1654509612838	Marionette	INFO	Marionette enabled
WebDriver BiDi listening on ws://localhost:51882
[GFX1-]: RenderCompositorSWGL failed mapping default framebuffer, no dt
console.warn: SearchSettings: "get: No settings file exists, new profile?" (new NotFoundError("Could not open the file at C:\\Users\\rfhxy\\AppData\\Local\\Temp\\rust_mozprofiledKQzWv\\search.json.mozlz4", (void 0)))
1654509615739	Marionette	INFO	Listening on port 51915
DevTools listening on ws://localhost:51882/devtools/browser/f60c65b1-2a5c-4c8a-85a5-5b6bd182fe9d
Read port: 51915
1654509615907	RemoteAgent	WARN	TLS certificate errors will be ignored for this session
console.warn: LoginRecipes: "getRecipes: falling back to a synchronous message for:" "https://www.hellowork.mhlw.go.jp"
console.warn: LoginRecipes: "getRecipes: falling back to a synchronous message for:" "https://www.hellowork.mhlw.go.jp"
1654509646345	geckodriver	INFO	Listening on 127.0.0.1:51981
1654509649419	mozrunner::runner	INFO	Running command: "C:\\Program Files\\Mozilla Firefox\\firefox.exe" "--marionette" "--headless" "--remote-debugging-port" "51982" "--remote-allow-hosts" "localhost" "-no-remote" "-profile" "C:\\Users\\rfhxy\\AppData\\Local\\Temp\\rust_mozprofileysrqJw"
*** You are running in headless mode.
1654509650499	Marionette	INFO	Marionette enabled
WebDriver BiDi listening on ws://localhost:51982
[GFX1-]: RenderCompositorSWGL failed mapping default framebuffer, no dt
console.warn: SearchSettings: "get: No settings file exists, new profile?" (new NotFoundError("Could not open the file at C:\\Users\\rfhxy\\AppData\\Local\\Temp\\rust_mozprofileysrqJw\\search.json.mozlz4", (void 0)))
1654509652957	Marionette	INFO	Listening on port 52006
DevTools listening on ws://localhost:51982/devtools/browser/f8cb66d9-38aa-4597-bbdc-345d830a3d1b
Read port: 52006
1654509653083	RemoteAgent	WARN	TLS certificate errors will be ignored for this session
console.warn: LoginRecipes: "getRecipes: falling back to a synchronous message for:" "https://www.hellowork.mhlw.go.jp"
console.warn: LoginRecipes: "getRecipes: falling back to a synchronous message for:" "https://www.hellowork.mhlw.go.jp"
1654512525718	geckodriver	INFO	Listening on 127.0.0.1:49932
1654512528992	mozrunner::runner	INFO	Running command: "C:\\P1654512529634	mozrunner::runner	INFO	Running command: "C:\\Program Files\\Mozilla Firefox\\firefox.exe" "--marionette" "--headless" "--remote-debugging-port" "49943" "--remote-allow-hosts" "localhost" "-no-remote" "-profile" "C:\*** You are running in headless mode.
1654512531482	Marionette	INFO	Marionette enabled
WebDriver 1654512531600	Marionette	INFO	Marionette[GFX1-]: RenderCompositorSWGL failed mapping default framebu[GFX1-]: Rendconsole.warn: SearchSettings: "get: No settings file exists,console.warn: SearchSettings: "get: No settings file exists, new profile?" (new NotFoundError("Could not open the file at C:\\Users\\rfhxy\\AppData\\Local\\Te1654512542427	Marionette	INFO	Listening on port 50109
Read 1654512542601654512542643	RemoteAgent	WARN	TLS certificDevTools listening on ws://localhost:49941/deDevTools listening on ws://localhost:49934/devtools/browser/35f34a7c-43a6-408d-aff1-4e19584e0d7e
console.warn: LoginRecipes: "getRecipes: falling back to a synchronous message for:" "https://www.hellowork.mhlw.go.jp"
console.warn: LoginRecipes: "getRecipes: falling back to a synchronous message for:" "https://www.hellowork.mhlw.go.jp"
nchronous message for:" "https://www.hellowork.mhlw.go.jp"
1654512607432	geckodriver	INFO	Listening on 127.0.0.1:50368
1654512610991	mozrunner::runner	INFO	Running command: "C:\\P1654512611304	mozrunner::runner	INFO	Running command: "C:\\Program Files\\Mozilla Firefox\\firefox.exe" "--marionette" "--headless" "--remote-debugging-port" "50386" "--remote-allow-hosts" "localhost" "-no-remote" "-profile" "C:\*** You are running in headless mode.
1654512617258	Marionette	INFO	Marionette enabled
WebDriver 1654512627773	Marionette	INFO	Marionette[GFX1-]: RenderCompositorSWGL failed mapping default framebuconsole.error: Region.jsm: "Error fetching region" (new Error("TIMEOUT", "resource://gre/modules/Region.jsm", 767))
console.error: Region.jsm: "Failed to fetch region" (new Error("TIMEOUT", "resource://gre/modules/Region.jsm", 419))
[GFX1-]: RenderCompositorSWGL failed mapping default framebuffer, no dt
console.warn: SearchSettings: "get: No settings file exists, new profile?" (new NotFoundError("Could console.error: Region.jsm: "Error fetching region" (new Error("TIMEOUT", "resou[GFX1-]: RenderCompositorSWGL failed m1654512658291	Marionette	INFO	Listening on port 50792
DevTools listening on ws://localhost:50386/devtools/browser/82be48e8-3df5-4f7d-9b91-acc600b771bb
Read port: 50792
1654512659008	RemoteAgent	WAconsole.warn: LoginRecipes: "getRecipes: falling back to a sconsole.warn: LoginRecipes: "getRecipes: falling back to a synchronous message for:" "https://www.hellowork.mhlw.go.jp"
console.warn: LoginRecipes: "getRecipes: falling back to a syExiting due to channel error.
//www.hellowork.mhlw.go.jp"
7	Marionette	INFO	Listening on port 50873
DevTools listening on ws://localhost:50461/console.warn: LoginRecipes: "getRecipes: falling back to a synchronous message foconsole.warn: LoginRecipes: "getRecipes:console.warn: LoginRecipes: "getRecipes: falling back to a synchronous message foconsole.warn: LoginRecipes: "getRecipes: falling back to a synchronous message for:" "https://www.hellowork.mhlw.go.jp"
owork.mhlw.go.jp"
nchronous message for:" "https://www.hellowork.mhlw.go.jp"
1654512771543	geckodriver	INFO	Listening on 127.0.0.1:51156
1654512774602	mozrunner::runner	INFO	Running command: "C:\\Program Files\\Mozilla Firefox\\firefox.exe" "--marionette" "--headless" "--remote-debugging-port" "51157" "--remote-allow-hosts" "localhost" "-no-remote" "-profile" "C:\\Users\\rfhxy\\AppData\\Local\\Temp\\rust_mozprofileZaUAO1"
*** You are running in headless mode.
1654512776386	Marionette	INFO	Marionette enabled
WebDriver BiDi listening on ws://localhost:51157
[GFX1-]: RenderCompositorSWGL failed mapping default framebuffer, no dt
console.warn: SearchSettings: "get: No settings file exists, new profile?" (new NotFoundError("Could not open the file at C:\\Users\\rfhxy\\AppData\\Local\\Temp\\rust_mozprofileZaUAO1\\search.json.mozlz4", (void 0)))
1654512780645	Marionette	INFO	Listening on port 51186
Read port: 51186
DevTools listening on ws://localhost:51157/devtools/browser/a1ed5bcc-0835-4a17-831f-59eedee4b4e2
1654512780718	RemoteAgent	WARN	TLS certificate errors will be ignored for this session
console.warn: LoginRecipes: "getRecipes: falling back to a synchronous message for:" "https://www.hellowork.mhlw.go.jp"
console.warn: LoginRecipes: "getRecipes: falling back to a synchronous message for:" "https://www.hellowork.mhlw.go.jp"
1654512808771	geckodriver	INFO	Listening on 127.0.0.1:51233
1654512811826	mozrunner::runner	INFO	Running command: "C:\\Program Files\\Mozilla Firefox\\firefox.exe" "--marionette" "--headless" "--remote-debugging-port" "51234" "--remote-allow-hosts" "localhost" "-no-remote" "-profile" "C:\\Users\\rfhxy\\AppData\\Local\\Temp\\rust_mozprofile9efCwY"
*** You are running in headless mode.
1654512812854	Marionette	INFO	Marionette enabled
WebDriver BiDi listening on ws://localhost:51234
[GFX1-]: RenderCompositorSWGL failed mapping default framebuffer, no dt
console.warn: SearchSettings: "get: No settings file exists, new profile?" (new NotFoundError("Could not open the file at C:\\Users\\rfhxy\\AppData\\Local\\Temp\\rust_mozprofile9efCwY\\search.json.mozlz4", (void 0)))
1654512815498	Marionette	INFO	Listening on port 51258
Read port: 51258
1654512815580	RemoteAgent	WARN	TLS certificate errors will be ignored for this session
DevTools listening on ws://localhost:51234/devtools/browser/e0c20cdd-e80f-4672-8f13-b3e79aab980e
console.warn: LoginRecipes: "getRecipes: falling back to a synchronous message for:" "https://www.hellowork.mhlw.go.jp"
console.warn: LoginRecipes: "getRecipes: falling back to a synchronous message for:" "https://www.hellowork.mhlw.go.jp"
Exiting due to channel error.
Exiting due to channel error.
Exiting due to channel error.
1654513087343	geckodriver	INFO	Listening on 127.0.0.1:49892
1654513090713	mozrunner::runner	INFO	Running command: "C:\\Program Files\\Mozilla Firefox\\firefox.exe" "--marionette" "--headless" "--remote-debugging-port" "49893" "--remote-allow-hosts" "localhost" "-no-remote" "-profile" "C:\\Users\\rfhxy\\AppData\\Local\\Temp\\rust_mozprofilepT6KhW"
*** You are running in headless mode.
1654513092445	Marionette	INFO	Marionette enabled
WebDriver BiDi listening on ws://localhost:49893
[GFX1-]: RenderCompositorSWGL failed mapping default framebuffer, no dt
console.warn: SearchSettings: "get: No settings file exists, new profile?" (new NotFoundError("Could not open the file at C:\\Users\\rfhxy\\AppData\\Local\\Temp\\rust_mozprofilepT6KhW\\search.json.mozlz4", (void 0)))
1654513095547	Marionette	INFO	Listening on port 49935
Read port: 49935
1654513095620	RemoteAgent	WARN	TLS certificate errors will be ignored for this session
DevTools listening on ws://localhost:49893/devtools/browser/052d45d1-54d1-4247-95f6-e3ef7d856675
console.warn: LoginRecipes: "getRecipes: falling back to a synchronous message for:" "https://www.hellowork.mhlw.go.jp"
console.warn: LoginRecipes: "getRecipes: falling back to a synchronous message for:" "https://www.hellowork.mhlw.go.jp"
1654513118737	geckodriver	INFO	Listening on 127.0.0.1:49981
1654513121768	mozrunner::runner	INFO	Running command: "C:\\Program Files\\Mozilla Firefox\\firefox.exe" "--marionette" "--headless" "--remote-debugging-port" "49982" "--remote-allow-hosts" "localhost" "-no-remote" "-profile" "C:\\Users\\rfhxy\\AppData\\Local\\Temp\\rust_mozprofileVGxgSJ"
*** You are running in headless mode.
1654513123054	Marionette	INFO	Marionette enabled
WebDriver BiDi listening on ws://localhost:49982
[GFX1-]: RenderCompositorSWGL failed mapping default framebuffer, no dt
console.warn: SearchSettings: "get: No settings file exists, new profile?" (new NotFoundError("Could not open the file at C:\\Users\\rfhxy\\AppData\\Local\\Temp\\rust_mozprofileVGxgSJ\\search.json.mozlz4", (void 0)))
1654513126360	Marionette	INFO	Listening on port 50083
Read port: 50083
1654513126706	RemoteAgent	WARN	TLS certificate errors will be ignored for this session
DevTools listening on ws://localhost:49982/devtools/browser/a918d664-a784-4aa2-af83-56fac4abe951
1654513378442	geckodriver	INFO	Listening on 127.0.0.1:50427
1654513381542	mozrunner::runner	INFO	Running command: "C:\\Program Files\\Mozilla Firefox\\firefox.exe" "--marionette" "--headless" "--remote-debugging-port" "50428" "--remote-allow-hosts" "localhost" "-no-remote" "-profile" "C:\\Users\\rfhxy\\AppData\\Local\\Temp\\rust_mozprofilePXtVKg"
*** You are running in headless mode.
1654513382690	Marionette	INFO	Marionette enabled
WebDriver BiDi listening on ws://localhost:50428
[GFX1-]: RenderCompositorSWGL failed mapping default framebuffer, no dt
console.warn: SearchSettings: "get: No settings file exists, new profile?" (new NotFoundError("Could not open the file at C:\\Users\\rfhxy\\AppData\\Local\\Temp\\rust_mozprofilePXtVKg\\search.json.mozlz4", (void 0)))
1654513385772	Marionette	INFO	Listening on port 50441
DevTools listening on ws://localhost:50428/devtools/browser/1bbf0f5b-d45d-48bc-b4aa-889619fdec84
Read port: 50441
1654513385939	RemoteAgent	WARN	TLS certificate errors will be ignored for this session
console.error: Region.jsm: "Error fetching region" (new Error("TIMEOUT", "resource://gre/modules/Region.jsm", 767))
console.error: Region.jsm: "Failed to fetch region" (new Error("TIMEOUT", "resource://gre/modules/Region.jsm", 419))
Exiting due to channel error.
Listening on 127.0.0.1:50457
1654513406402	mozrunner::runner	INFO	Running command: "C:\\Program Files\\Mozilla Firefox\\firefox.exe" "--marionette" "--headless" "--remote-debugging-port" "50458" "--remote-allow-hosts" "localhost" "-no-remote" "-profile" "C:\\Users\\rfhxy\\AppData\\Local\\Temp\\rust_mozprofilebesFU6"
*** You are running in headless mode.
1654513407615	Marionette	INFO	Marionette enabled
WebDriver BiDi listening on ws://localhost:50458
[GFX1-]: RenderCompositorSWGL failed mapping default framebuffer, no dt
console.warn: SearchSettings: "get: No settings file exists, new profile?" (new NotFoundError("Could not open the file at C:\\Users\\rfhxy\\AppData\\Local\\Temp\\rust_mozprofilebesFU6\\search.json.mozlz4", (void 0)))
1654513412631	Marionette	INFO	Listening on port 50546
Read port: 50546
DevTools listening on ws://localhost:50458/devtools/browser/62476a9d-93da-4102-91f9-c4410f130f14
1654513412704	RemoteAgent	WARN	TLS certificate errors will be ignored for this session
console.warn: LoginRecipes: "getRecipes: falling back to a synchronous message for:" "https://www.hellowork.mhlw.go.jp"
console.warn: LoginRecipes: "getRecipes: falling back to a synchronous message for:" "https://www.hellowork.mhlw.go.jp"
1654513646964	geckodriver	INFO	Listening on 127.0.0.1:50771
1654513650062	mozrunner::runner	INFO	Running command: "C:\\Program Files\\Mozilla Firefox\\firefox.exe" "--marionette" "--headless" "--remote-debugging-port" "50772" "--remote-allow-hosts" "localhost" "-no-remote" "-profile" "C:\\Users\\rfhxy\\AppData\\Local\\Temp\\rust_mozprofile5dKoGW"
*** You are running in headless mode.
1654513651223	Marionette	INFO	Marionette enabled
WebDriver BiDi listening on ws://localhost:50772
[GFX1-]: RenderCompositorSWGL failed mapping default framebuffer, no dt
console.warn: SearchSettings: "get: No settings file exists, new profile?" (new NotFoundError("Could not open the file at C:\\Users\\rfhxy\\AppData\\Local\\Temp\\rust_mozprofile5dKoGW\\search.json.mozlz4", (void 0)))
1654513654231	Marionette	INFO	Listening on port 50805
Read 1654513656334	mozrunner::runner	INFO	Running command: "C:\\Program Files\\Mozilla Firefox\\firefox.exe" "--marionette" "--headless" "--remote-debugging-port" "50794" "--remote-allow-hosts" "localhosconsole.warn: LoginRecipes: "getRecipes: falling back to a synchronous message for:" "https://www.hellowork.mhlw.go.jp"
console.warn: LoginRecipes: "getRecipes: falling back to a synchronous message for:" "https://www.hellowork.mhlw.go.jp"
derCompositorSWGL failed mapping default framebuffer, no dt
console.warn: SearchSettings: "get: No settings file exists, new profile?" (new NotFoundError("Could not open the file at C:\\Users\\rfhxy\\AppData\\Local\\Temp\\rust_mozprofileOLscXh\\search.json.mozlz4", (void 0)))
1654513661232	Marionette	INFO	Listening on port 50858
DevTools listening on ws://localhost:50794/devtools/browser/f8042fcd-f9c0-4c91-83a8-6b1143b11601
Read port: 50858
1654513661448	RemoteAgent	WARN	TLS certificate errors will be ignored for this session
console.warn: LoginRecipes: "getRecipes: falling back to a synchronous message for:" "https://www.hellowork.mhlw.go.jp"
console.warn: LoginRecipes: "getRecipes: falling back to a synchronous message for:" "https://www.hellowork.mhlw.go.jp"
Exiting due to channel error.
Listening on 127.0.0.1:50891
1654513680361	mozrunner::runner	INFO	Running command: "C:\\Program Files\\Mozilla Firefox\\firefox.exe" "--marionette" "--headless" "--remote-debugging-port" "50892" "--remote-allow-hosts" "localhost" "-no-remote" "-profile" "C:\\Users\\rfhxy\\AppData\\Local\\Temp\\rust_mozprofile3vHfBW"
*** You are running in headless mode.
1654513681370	Marionette	INFO	Marionette enabled
WebDriver BiDi listening on ws://localhost:50892
[GFX1-]: RenderCompositorSWGL failed mapping default framebuffer, no dt
console.warn: SearchSettings: "get: No settings file exists, new profile?" (new NotFoundError("Could not open the file at C:\\Users\\rfhxy\\AppData\\Local\\Temp\\rust_mozprofile3vHfBW\\search.json.mozlz4", (void 0)))
1654513685026	Marionette	INFO	Listening on port 50934
Read port: 50934
1654513685156	RemoteAgent	WARN	TLS certificate errors will be ignored for this session
DevTools listening on ws://localhost:50892/devtools/browser/9e1bdf49-1291-40c2-90de-79976dcd627d
console.warn: LoginRecipes: "getRecipes: falling back to a synchronous message for:" "https://www.hellowork.mhlw.go.jp"
console.warn: LoginRecipes: "getRecipes: falling back to a synchronous message for:" "https://www.hellowork.mhlw.go.jp"
1654514634944	geckodriver	INFO	Listening on 127.0.0.1:51597
1654514638018	mozrunner::runner	INFO	Running command: "C:\\Program Files\\Mozilla Firefox\\firefox.exe" "--marionette" "--headless" "--remote-debugging-port" "51598" "--remote-allow-hosts" "localhost" "-no-remote" "-profile" "C:\\Users\\rfhxy\\AppData\\Local\\Temp\\rust_mozprofileBQskvK"
*** You are running in headless mode.
1654514639226	Marionette	INFO	Marionette enabled
WebDriver BiDi listening on ws://localhost:51598
[GFX1-]: RenderCompositorSWGL failed mapping default framebuffer, no dt
console.warn: SearchSettings: "get: No settings file exists, new profile?" (new NotFoundError("Could not open the file at C:\\Users\\rfhxy\\AppData\\Local\\Temp\\rust_mozprofileBQskvK\\search.json.mozlz4", (void 0)))
1654514642266	Marionette	INFO	Listening on port 51639
Read port: 51639
1654514642360	RemoteAgent	WARN	TLS certificate errors will be ignored for this session
DevTools listening on ws://localhost:51598/devtools/browser/5fc7faa6-d54a-4943-a1e0-b8e8b29d95c0
console.warn: LoginRecipes: "getRecipes: falling back to a synchronous message for:" "https://www.hellowork.mhlw.go.jp"
console.warn: LoginRecipes: "getRecipes: falling back to a synchronous message for:" "https://www.hellowork.mhlw.go.jp"
Exiting due to channel error.
Listening on 127.0.0.1:51672
1654514661661	mozrunner::runner	INFO	Running command: "C:\\P1654514664608	mozrunner::runner	INFO	Running command: "C:\\Program Files\\Mozilla Firefox\\firefox.exe" "--marionette" "--headless" "--remote-debugging-port" "51685" "--remote-allow-hosts" "localhost" "-no-remote" "-profile" "C:\\Users\\rfhxy\\AppData\\Local\\Temp\\rust_mozprofileuv9vyR"
*** You are running in headless mode.
1654514666181	Marionette	INFO	Marionette enabled
WebDriver BiDi listening on ws://localhost:51685
[GFX1-]: RenderCompositorSWGL failed mapping default framebuffer, no dt
console.warn: SearchSettings: "get: No settings file exists, new profile?" (new NotFoundError("Could not open the file at C:\\Users\\rfhxy\\AppData\\Local\\Temp\\rust_mozprofileuv9vyR\\search.json.mozlz4", (void 0)))
1654514671065	Marionette	INFO	Listening on port 51775
Read port: 51775
1654514671129	RemoteAgent	WARN	TLS certificate errors will be ignored for this session
DevTools listening on ws://localhost:5console.warn: LoginRecipes: "getRecipes: falling back to a sconsole.warn: LoginRecipes: "getRecipes: falling back to a synchronous message for:" "https://www.hellowork.mhlw.go.jp"
console.warn: LoginRecipes: "getRecipes: falling back to a synchronous message for:" "https://www.hellowork.mhlw.go.jp"
Exiting due to channel error.
 "-profile" "C:\\Users\\rfhxy\\AppData\\Local\\Temp\\rust_mozprofilevgLz8w"
*** You are running in headless mode.
1654514677606	Marionette	INFO	Marionette enabled
WebDriver BiDi listening on ws://localhost:51801
[GFX1-]: RenderCompositorSWGL failed mapping default framebuffer, no dt
console.warn: SearchSettings: "get: No settings file exists, new profile?" (new NotFoundError("Could not open the file at C:\\Users\\rfhxy\\AppData\\Local\\Temp\\rust_mozprofilevgLz8w\\search.json.mozlz4", (void 0)))
1654514680947	Marionette	INFO	Listening on port 51827
Read port: 51827
1654514681090	RemoteAgent	WARN	TLS certificate errors will be ignored for this session
DevTools listening on ws://localhost:51801/devtools/browser/cc6d3ec4-e17f-4ed0-bc76-29b1bdc34194
console.warn: LoginRecipes: "getRecipes: falling back to a synchronous message for:" "https://www.hellowork.mhlw.go.jp"
console.warn: LoginRecipes: "getRecipes: falling back to a synchronous message for:" "https://www.hellowork.mhlw.go.jp"
1654595319890	geckodriver	INFO	Listening on 127.0.0.1:55314
1654595323038	mozrunner::runner	INFO	Running command: "C:\\Program Files\\Mozilla Firefox\\firefox.exe" "--marionette" "--headless" "--remote-debugging-port" "55315" "--remote-allow-hosts" "localhost" "-no-remote" "-profile" "C:\\Users\\rfhxy\\AppData\\Local\\Temp\\rust_mozprofileynsVrQ"
*** You are running in headless mode.
1654595324396	Marionette	INFO	Marionette enabled
WebDriver BiDi listening on ws://localhost:55315
[GFX1-]: RenderCompositorSWGL failed mapping default framebuffer, no dt
console.warn: SearchSettings: "get: No settings file exists, new profile?" (new NotFoundError("Could not open the file at C:\\Users\\rfhxy\\AppData\\Local\\Temp\\rust_mozprofileynsVrQ\\search.json.mozlz4", (void 0)))
1654595327057	Marionette	INFO	Listening on port 55337
Read port: 55337
1654595327356	RemoteAgent	WARN	TLS certificate errors will be ignored for this session
DevTools listening on ws://localhost:55315/devtools/browser/c4d63c88-c6c6-440a-92fb-61329edb5373
console.warn: LoginRecipes: "getRecipes: falling back to a synchronous message for:" "https://www.hellowork.mhlw.go.jp"
console.warn: LoginRecipes: "getRecipes: falling back to a synchronous message for:" "https://www.hellowork.mhlw.go.jp"
1654595357275	geckodriver	INFO	Listening on 127.0.0.1:55433
1654595360322	mozrunner::runner	INFO	Running command: "C:\\Program Files\\Mozilla Firefox\\firefox.exe" "--marionette" "--headless" "--remote-debugging-port" "55434" "--remote-allow-hosts" "localhost" "-no-remote" "-profile" "C:\\Users\\rfhxy\\AppData\\Local\\Temp\\rust_mozprofilej5bx2e"
*** You are running in headless mode.
1654595361287	Marionette	INFO	Marionette enabled
WebDriver BiDi listening on ws://localhost:55434
[GFX1-]: RenderCompositorSWGL failed mapping default framebuffer, no dt
console.warn: SearchSettings: "get: No settings file exists, new profile?" (new NotFoundError("Could not open the file at C:\\Users\\rfhxy\\AppData\\Local\\Temp\\rust_mozprofilej5bx2e\\search.json.mozlz4", (void 0)))
1654595364101	Marionette	INFO	Listening on port 55458
Read port: 55458
1654595364227	RemoteAgent	WARN	TLS certificate errors will be ignored for this session
DevTools listening on ws://localhost:55434/devtools/browser/03357d4f-d1b6-4fe2-b97b-5ccd9da5b0c8
console.warn: LoginRecipes: "getRecipes: falling back to a synchronous message for:" "https://www.hellowork.mhlw.go.jp"
console.warn: LoginRecipes: "getRecipes: falling back to a synchronous message for:" "https://www.hellowork.mhlw.go.jp"
